[debug] [2022-05-03T08:12:54.638Z] ----------------------------------------------------------------------
[debug] [2022-05-03T08:12:54.641Z] Command:       /usr/local/Cellar/node/17.3.0/bin/node /usr/local/bin/firebase deploy --only hosting
[debug] [2022-05-03T08:12:54.641Z] CLI Version:   9.19.0
[debug] [2022-05-03T08:12:54.641Z] Platform:      darwin
[debug] [2022-05-03T08:12:54.641Z] Node Version:  v17.3.0
[debug] [2022-05-03T08:12:54.644Z] Time:          Tue May 03 2022 11:12:54 GMT+0300 (Israel Daylight Time)
[debug] [2022-05-03T08:12:54.644Z] ----------------------------------------------------------------------
[debug] 
[debug] [2022-05-03T08:12:54.693Z] > command requires scopes: ["email","openid","https://www.googleapis.com/auth/cloudplatformprojects.readonly","https://www.googleapis.com/auth/firebase","https://www.googleapis.com/auth/cloud-platform"]
[debug] [2022-05-03T08:12:54.693Z] > authorizing via signed-in user (ariel.bentolila@gmail.com)
[debug] [2022-05-03T08:12:54.693Z] [iam] checking project mindramp-58e89 for permissions ["firebase.projects.get","firebasehosting.sites.update"]
[debug] [2022-05-03T08:12:54.695Z] >>> HTTP REQUEST POST https://cloudresourcemanager.googleapis.com/v1/projects/mindramp-58e89:testIamPermissions  
 {"permissions":["firebase.projects.get","firebasehosting.sites.update"]}
[debug] [2022-05-03T08:12:55.725Z] <<< HTTP RESPONSE 200 {"content-type":"application/json; charset=UTF-8","vary":"X-Origin, Referer, Origin,Accept-Encoding","date":"Tue, 03 May 2022 08:12:55 GMT","server":"ESF","cache-control":"private","x-xss-protection":"0","x-frame-options":"SAMEORIGIN","x-content-type-options":"nosniff","server-timing":"gfet4t7; dur=551","alt-svc":"h3=\":443\"; ma=2592000,h3-29=\":443\"; ma=2592000,h3-Q050=\":443\"; ma=2592000,h3-Q046=\":443\"; ma=2592000,h3-Q043=\":443\"; ma=2592000,quic=\":443\"; ma=2592000; v=\"46,43\"","accept-ranges":"none","transfer-encoding":"chunked"}
[debug] [2022-05-03T08:12:55.729Z] > refreshing access token with scopes: []
[debug] [2022-05-03T08:12:55.729Z] >>> HTTP REQUEST POST https://www.googleapis.com/oauth2/v3/token  
 <request body omitted>
[debug] [2022-05-03T08:12:56.206Z] <<< HTTP RESPONSE 200 {"expires":"Mon, 01 Jan 1990 00:00:00 GMT","pragma":"no-cache","date":"Tue, 03 May 2022 08:12:56 GMT","cache-control":"no-cache, no-store, max-age=0, must-revalidate","content-type":"application/json; charset=utf-8","vary":"X-Origin, Referer, Origin,Accept-Encoding","server":"scaffolding on HTTPServer2","x-xss-protection":"0","x-frame-options":"SAMEORIGIN","x-content-type-options":"nosniff","alt-svc":"h3=\":443\"; ma=2592000,h3-29=\":443\"; ma=2592000,h3-Q050=\":443\"; ma=2592000,h3-Q046=\":443\"; ma=2592000,h3-Q043=\":443\"; ma=2592000,quic=\":443\"; ma=2592000; v=\"46,43\"","accept-ranges":"none","transfer-encoding":"chunked"}
[debug] [2022-05-03T08:12:56.273Z] >>> [apiv2][query] GET https://firebase.googleapis.com/v1beta1/projects/mindramp-58e89 [none]
[debug] [2022-05-03T08:12:56.864Z] <<< [apiv2][status] GET https://firebase.googleapis.com/v1beta1/projects/mindramp-58e89 200
[debug] [2022-05-03T08:12:56.865Z] <<< [apiv2][body] GET https://firebase.googleapis.com/v1beta1/projects/mindramp-58e89 {"projectId":"mindramp-58e89","projectNumber":"12081058518","displayName":"MindRamp","name":"projects/mindramp-58e89","resources":{"hostingSite":"mindramp-58e89","storageBucket":"mindramp-58e89.appspot.com","locationId":"europe-west"},"state":"ACTIVE"}
[info] 
[info] === Deploying to 'mindramp-58e89'...
[info] 
[info] i  deploying hosting 
[debug] [2022-05-03T08:12:56.870Z] > refreshing access token with scopes: ["email","https://www.googleapis.com/auth/cloud-platform","https://www.googleapis.com/auth/cloudplatformprojects.readonly","https://www.googleapis.com/auth/firebase","openid"]
[debug] [2022-05-03T08:12:56.870Z] >>> HTTP REQUEST POST https://www.googleapis.com/oauth2/v3/token  
 <request body omitted>
[debug] [2022-05-03T08:12:57.146Z] <<< HTTP RESPONSE 200 {"date":"Tue, 03 May 2022 08:12:57 GMT","pragma":"no-cache","expires":"Mon, 01 Jan 1990 00:00:00 GMT","cache-control":"no-cache, no-store, max-age=0, must-revalidate","content-type":"application/json; charset=utf-8","vary":"X-Origin, Referer, Origin,Accept-Encoding","server":"scaffolding on HTTPServer2","x-xss-protection":"0","x-frame-options":"SAMEORIGIN","x-content-type-options":"nosniff","alt-svc":"h3=\":443\"; ma=2592000,h3-29=\":443\"; ma=2592000,h3-Q050=\":443\"; ma=2592000,h3-Q046=\":443\"; ma=2592000,h3-Q043=\":443\"; ma=2592000,quic=\":443\"; ma=2592000; v=\"46,43\"","accept-ranges":"none","transfer-encoding":"chunked"}
[debug] [2022-05-03T08:12:57.202Z] >>> HTTP REQUEST POST https://firebasehosting.googleapis.com/v1beta1/sites/mindramp-58e89/versions  
 {"config":{"rewrites":[{"glob":"**","path":"/index.html"}]},"labels":{"deployment-tool":"cli-firebase"}}
